{"C:\\dev\\FizzBuzz\\dist\\src\\fizzbuzz.js": {"path":"C:\\dev\\FizzBuzz\\dist\\src\\fizzbuzz.js","statementMap":{"0":{"start":{"line":2,"column":0},"end":{"line":2,"column":62}},"1":{"start":{"line":3,"column":0},"end":{"line":3,"column":28}},"2":{"start":{"line":17,"column":19},"end":{"line":17,"column":21}},"3":{"start":{"line":18,"column":4},"end":{"line":20,"column":5}},"4":{"start":{"line":19,"column":8},"end":{"line":19,"column":52}},"5":{"start":{"line":21,"column":4},"end":{"line":34,"column":5}},"6":{"start":{"line":21,"column":17},"end":{"line":21,"column":18}},"7":{"start":{"line":22,"column":8},"end":{"line":33,"column":9}},"8":{"start":{"line":23,"column":12},"end":{"line":23,"column":36}},"9":{"start":{"line":25,"column":13},"end":{"line":33,"column":9}},"10":{"start":{"line":26,"column":12},"end":{"line":26,"column":32}},"11":{"start":{"line":28,"column":13},"end":{"line":33,"column":9}},"12":{"start":{"line":29,"column":12},"end":{"line":29,"column":32}},"13":{"start":{"line":32,"column":12},"end":{"line":32,"column":38}},"14":{"start":{"line":35,"column":4},"end":{"line":35,"column":18}}},"fnMap":{"0":{"name":"fizzBuzz","decl":{"start":{"line":16,"column":9},"end":{"line":16,"column":17}},"loc":{"start":{"line":16,"column":21},"end":{"line":36,"column":1}},"line":16}},"branchMap":{"0":{"loc":{"start":{"line":18,"column":4},"end":{"line":20,"column":5}},"type":"if","locations":[{"start":{"line":18,"column":4},"end":{"line":20,"column":5}},{"start":{},"end":{}}],"line":18},"1":{"loc":{"start":{"line":22,"column":8},"end":{"line":33,"column":9}},"type":"if","locations":[{"start":{"line":22,"column":8},"end":{"line":33,"column":9}},{"start":{"line":25,"column":13},"end":{"line":33,"column":9}}],"line":22},"2":{"loc":{"start":{"line":22,"column":12},"end":{"line":22,"column":38}},"type":"binary-expr","locations":[{"start":{"line":22,"column":12},"end":{"line":22,"column":23}},{"start":{"line":22,"column":27},"end":{"line":22,"column":38}}],"line":22},"3":{"loc":{"start":{"line":25,"column":13},"end":{"line":33,"column":9}},"type":"if","locations":[{"start":{"line":25,"column":13},"end":{"line":33,"column":9}},{"start":{"line":28,"column":13},"end":{"line":33,"column":9}}],"line":25},"4":{"loc":{"start":{"line":28,"column":13},"end":{"line":33,"column":9}},"type":"if","locations":[{"start":{"line":28,"column":13},"end":{"line":33,"column":9}},{"start":{"line":31,"column":13},"end":{"line":33,"column":9}}],"line":28}},"s":{"0":1,"1":1,"2":2,"3":2,"4":1,"5":1,"6":1,"7":20,"8":1,"9":19,"10":5,"11":14,"12":3,"13":11,"14":1},"f":{"0":2},"b":{"0":[1,1],"1":[1,19],"2":[20,6],"3":[5,14],"4":[3,11]},"_coverageSchema":"1a1c01bbd47fc00a2c39e90264f33305004495a9","hash":"544687920b208a51e6e2456811d0f1db7904812b"}
,"C:\\dev\\FizzBuzz\\src\\fizzbuzz.ts": {"path":"C:\\dev\\FizzBuzz\\src\\fizzbuzz.ts","statementMap":{"0":{"start":{"line":14,"column":27},"end":{"line":14,"column":29}},"1":{"start":{"line":15,"column":2},"end":{"line":17,"column":3}},"2":{"start":{"line":16,"column":4},"end":{"line":16,"column":48}},"3":{"start":{"line":18,"column":2},"end":{"line":28,"column":3}},"4":{"start":{"line":18,"column":15},"end":{"line":18,"column":16}},"5":{"start":{"line":19,"column":4},"end":{"line":27,"column":5}},"6":{"start":{"line":20,"column":6},"end":{"line":20,"column":30}},"7":{"start":{"line":21,"column":11},"end":{"line":27,"column":5}},"8":{"start":{"line":22,"column":6},"end":{"line":22,"column":26}},"9":{"start":{"line":23,"column":11},"end":{"line":27,"column":5}},"10":{"start":{"line":24,"column":6},"end":{"line":24,"column":26}},"11":{"start":{"line":26,"column":6},"end":{"line":26,"column":32}},"12":{"start":{"line":29,"column":2},"end":{"line":29,"column":16}}},"fnMap":{"0":{"name":"fizzBuzz","decl":{"start":{"line":13,"column":16},"end":{"line":13,"column":24}},"loc":{"start":{"line":13,"column":46},"end":{"line":30,"column":1}},"line":13}},"branchMap":{"0":{"loc":{"start":{"line":15,"column":2},"end":{"line":17,"column":3}},"type":"if","locations":[{"start":{"line":15,"column":2},"end":{"line":17,"column":3}},{"start":{},"end":{}}],"line":15},"1":{"loc":{"start":{"line":19,"column":4},"end":{"line":27,"column":5}},"type":"if","locations":[{"start":{"line":19,"column":4},"end":{"line":27,"column":5}},{"start":{"line":21,"column":11},"end":{"line":27,"column":5}}],"line":19},"2":{"loc":{"start":{"line":19,"column":8},"end":{"line":19,"column":34}},"type":"binary-expr","locations":[{"start":{"line":19,"column":8},"end":{"line":19,"column":19}},{"start":{"line":19,"column":23},"end":{"line":19,"column":34}}],"line":19},"3":{"loc":{"start":{"line":21,"column":11},"end":{"line":27,"column":5}},"type":"if","locations":[{"start":{"line":21,"column":11},"end":{"line":27,"column":5}},{"start":{"line":23,"column":11},"end":{"line":27,"column":5}}],"line":21},"4":{"loc":{"start":{"line":23,"column":11},"end":{"line":27,"column":5}},"type":"if","locations":[{"start":{"line":23,"column":11},"end":{"line":27,"column":5}},{"start":{"line":25,"column":11},"end":{"line":27,"column":5}}],"line":23}},"s":{"0":2,"1":2,"2":1,"3":1,"4":1,"5":20,"6":1,"7":19,"8":5,"9":14,"10":3,"11":11,"12":1},"f":{"0":2},"b":{"0":[1,1],"1":[1,19],"2":[20,6],"3":[5,14],"4":[3,11]},"_coverageSchema":"1a1c01bbd47fc00a2c39e90264f33305004495a9","hash":"66cb387236005bba82626e04f667eac40aa5e658"}
}
