TN:
SF:dist\src\fizzbuzz.js
FN:16,fizzBuzz
FNF:1
FNH:1
FNDA:2,fizzBuzz
DA:2,1
DA:3,1
DA:17,2
DA:18,2
DA:19,1
DA:21,1
DA:22,20
DA:23,1
DA:25,19
DA:26,5
DA:28,14
DA:29,3
DA:32,11
DA:35,1
LF:14
LH:14
BRDA:18,0,0,1
BRDA:18,0,1,1
BRDA:22,1,0,1
BRDA:22,1,1,19
BRDA:22,2,0,20
BRDA:22,2,1,6
BRDA:25,3,0,5
BRDA:25,3,1,14
BRDA:28,4,0,3
BRDA:28,4,1,11
BRF:10
BRH:10
end_of_record
TN:
SF:src\fizzbuzz.ts
FN:13,fizzBuzz
FNF:1
FNH:1
FNDA:2,fizzBuzz
DA:14,2
DA:15,2
DA:16,1
DA:18,1
DA:19,20
DA:20,1
DA:21,19
DA:22,5
DA:23,14
DA:24,3
DA:26,11
DA:29,1
LF:12
LH:12
BRDA:15,0,0,1
BRDA:15,0,1,1
BRDA:19,1,0,1
BRDA:19,1,1,19
BRDA:19,2,0,20
BRDA:19,2,1,6
BRDA:21,3,0,5
BRDA:21,3,1,14
BRDA:23,4,0,3
BRDA:23,4,1,11
BRF:10
BRH:10
end_of_record
